2026-03-21 18:34:57.654 | INFO     | app.runner:scrape_today:54 - scrapeToday starting for 'enbridge'
2026-03-21 18:34:58.762 | INFO     | app.pipelines.enbridge.scraper:scrape_metadata:199 - metaDump completed in 1.05s
2026-03-21 18:34:58.762 | INFO     | app.pipelines.enbridge.runner:scrape_today:82 - scrapeToday - yesterday=datetime.datetime(2026, 3, 20, 18, 34, 58, 762720)
2026-03-21 18:35:11.784 | INFO     | app.pipelines.enbridge.scraper:scrape:87 - MNUS → long-way (configured)
2026-03-21 18:35:44.406 | INFO     | app.pipelines.enbridge.scraper:<lambda>:276 - STT short-way retry 1/3
2026-03-21 18:36:13.486 | INFO     | app.pipelines.enbridge.runner:scrape_today:89 - scrapeToday - today=datetime.datetime(2026, 3, 21, 18, 36, 13, 486141)
2026-03-21 18:36:25.269 | INFO     | app.pipelines.enbridge.scraper:scrape:87 - MNUS → long-way (configured)
2026-03-21 18:37:25.592 | INFO     | app.pipelines.enbridge.runner:scrape_today:95 - scrapeToday - NN today=datetime.datetime(2026, 3, 21, 18, 36, 13, 486141)
2026-03-21 18:37:29.823 | INFO     | app.pipelines.enbridge.scraper:_scrape_nn_single_tracked:244 - AG - 4.23s ---------------
2026-03-21 18:37:29.915 | INFO     | app.pipelines.enbridge.scraper:_scrape_nn_single_tracked:244 - TE - 4.32s ---------------
2026-03-21 18:37:39.641 | INFO     | app.pipelines.enbridge.gold_munger:clean_directories:81 - Cleanup skipped (disabled for testing)
2026-03-21 18:37:39.641 | INFO     | app.pipelines.enbridge.runner:scrape_today:104 - *************** completed in 161.99s ***************
2026-03-21 18:37:39.644 | INFO     | app.reporter:generate_report:338 - Audit report written to /Users/saijagadeeshyadavalli/Coding/Particles/GasFundies/GFScrapePackage/reports/2026-03-21/audit_20260321_183739.html
2026-03-21 19:18:37.766 | INFO     | app.runner:scrape_today:54 - scrapeToday starting for 'enbridge'
2026-03-21 19:18:37.766 | INFO     | app.core.azure_tables:dump_pipe_configs:94 - Dumping PipeConfigs from Azure Table Storage
2026-03-21 19:18:38.878 | INFO     | app.pipelines.enbridge.scraper:scrape_metadata:199 - metaDump completed in 0.64s
2026-03-21 19:18:38.879 | INFO     | app.pipelines.enbridge.runner:scrape_today:82 - scrapeToday - yesterday=datetime.datetime(2026, 3, 20, 19, 18, 38, 879078)
2026-03-21 19:18:54.302 | INFO     | app.pipelines.enbridge.scraper:scrape:87 - MNUS → long-way (configured)
2026-03-21 19:19:00.401 | INFO     | app.pipelines.enbridge.scraper:<lambda>:276 - EG short-way retry 1/3
2026-03-21 19:19:35.406 | INFO     | app.pipelines.enbridge.scraper:<lambda>:276 - WE short-way retry 1/3
2026-03-21 19:19:59.132 | INFO     | app.pipelines.enbridge.runner:scrape_today:89 - scrapeToday - today=datetime.datetime(2026, 3, 21, 19, 19, 59, 132879)
2026-03-21 19:20:10.875 | INFO     | app.pipelines.enbridge.scraper:scrape:87 - MNUS → long-way (configured)
2026-03-21 19:20:38.074 | INFO     | app.pipelines.enbridge.scraper:<lambda>:276 - SESH short-way retry 1/3
2026-03-21 19:21:10.446 | INFO     | app.pipelines.enbridge.runner:scrape_today:95 - scrapeToday - NN today=datetime.datetime(2026, 3, 21, 19, 19, 59, 132879)
2026-03-21 19:21:14.470 | INFO     | app.pipelines.enbridge.scraper:_scrape_nn_single_tracked:244 - AG - 4.02s ---------------
2026-03-21 19:21:14.580 | INFO     | app.pipelines.enbridge.scraper:_scrape_nn_single_tracked:244 - TE - 4.13s ---------------
2026-03-21 19:21:15.757 | INFO     | app.core.azure_tables:dump_Loc_configs:138 - Dumping LocConfigs from Azure Table Storage
2026-03-21 19:21:15.938 | INFO     | app.core.azure_tables:dump_Loc_configs:138 - Dumping LocConfigs from Azure Table Storage
2026-03-21 19:21:16.022 | INFO     | app.core.azure_tables:dump_Loc_configs:138 - Dumping LocConfigs from Azure Table Storage
2026-03-21 19:21:17.051 | ERROR    | app.pipelines.enbridge.silver_munger:_sync_point_locations:630 - syncPointLocations failed (OA): Cannot save file into a non-existent directory: '/Users/saijagadeeshyadavalli/Coding/Particles/GasFundies/GFScrapePackage/src/artifacts/configFiles'
2026-03-21 19:21:17.589 | ERROR    | app.pipelines.enbridge.silver_munger:_sync_point_locations:630 - syncPointLocations failed (NN): Cannot save file into a non-existent directory: '/Users/saijagadeeshyadavalli/Coding/Particles/GasFundies/GFScrapePackage/src/artifacts/configFiles'
2026-03-21 19:21:24.659 | INFO     | app.runner:scrape_today:54 - scrapeToday starting for 'enbridge'
2026-03-21 19:21:24.660 | INFO     | app.core.azure_tables:dump_pipe_configs:94 - Dumping PipeConfigs from Azure Table Storage
2026-03-21 19:21:25.789 | INFO     | app.pipelines.enbridge.scraper:scrape_metadata:199 - metaDump completed in 0.72s
2026-03-21 19:21:25.789 | INFO     | app.pipelines.enbridge.runner:scrape_today:82 - scrapeToday - yesterday=datetime.datetime(2026, 3, 20, 19, 21, 25, 789301)
2026-03-21 19:21:37.651 | INFO     | app.pipelines.enbridge.scraper:scrape:87 - MNUS → long-way (configured)
2026-03-21 19:22:37.609 | INFO     | app.pipelines.enbridge.runner:scrape_today:89 - scrapeToday - today=datetime.datetime(2026, 3, 21, 19, 22, 37, 609822)
2026-03-21 19:22:49.272 | INFO     | app.pipelines.enbridge.scraper:scrape:87 - MNUS → long-way (configured)
2026-03-21 19:23:31.807 | INFO     | app.pipelines.enbridge.runner:scrape_today:95 - scrapeToday - NN today=datetime.datetime(2026, 3, 21, 19, 22, 37, 609822)
2026-03-21 19:23:35.831 | INFO     | app.pipelines.enbridge.scraper:_scrape_nn_single_tracked:244 - AG - 4.02s ---------------
2026-03-21 19:23:35.858 | INFO     | app.pipelines.enbridge.scraper:_scrape_nn_single_tracked:244 - TE - 4.05s ---------------
2026-03-21 19:23:37.069 | INFO     | app.core.azure_tables:dump_Loc_configs:138 - Dumping LocConfigs from Azure Table Storage
2026-03-21 19:23:37.253 | INFO     | app.core.azure_tables:dump_Loc_configs:138 - Dumping LocConfigs from Azure Table Storage
2026-03-21 19:23:37.723 | INFO     | app.core.azure_tables:dump_Loc_configs:138 - Dumping LocConfigs from Azure Table Storage
2026-03-21 19:23:40.836 | INFO     | app.core.azure_tables:update_Loc_configs:178 - Config cache cleared after LocConfigs upsert
2026-03-21 19:23:40.843 | ERROR    | app.pipelines.enbridge.silver_munger:_process_sg:310 - processSG failed: Could not convert '100' with type str: tried to convert to double
2026-03-21 19:23:48.695 | INFO     | app.pipelines.enbridge.gold_munger:clean_directories:81 - Cleanup skipped (disabled for testing)
2026-03-21 19:23:48.695 | INFO     | app.pipelines.enbridge.runner:scrape_today:104 - *************** completed in 144.04s ***************
2026-03-21 19:23:48.697 | INFO     | app.reporter:generate_report:338 - Audit report written to /Users/saijagadeeshyadavalli/Coding/Particles/GasFundies/GFScrapePackage/reports/2026-03-21/audit_20260321_192348.html
2026-03-21 19:24:37.960 | INFO     | app.runner:scrape_today:54 - scrapeToday starting for 'enbridge'
2026-03-21 19:24:38.602 | INFO     | app.pipelines.enbridge.scraper:scrape_metadata:199 - metaDump completed in 0.60s
2026-03-21 19:24:38.603 | INFO     | app.pipelines.enbridge.runner:scrape_today:82 - scrapeToday - yesterday=datetime.datetime(2026, 3, 20, 19, 24, 38, 603155)
2026-03-21 19:24:50.730 | INFO     | app.pipelines.enbridge.scraper:scrape:87 - MNUS → long-way (configured)
2026-03-21 19:25:23.629 | INFO     | app.pipelines.enbridge.scraper:<lambda>:276 - TE short-way retry 1/3
2026-03-21 19:25:56.722 | INFO     | app.pipelines.enbridge.runner:scrape_today:89 - scrapeToday - today=datetime.datetime(2026, 3, 21, 19, 25, 56, 722619)
2026-03-21 19:26:08.463 | INFO     | app.pipelines.enbridge.scraper:scrape:87 - MNUS → long-way (configured)
2026-03-21 19:26:49.578 | INFO     | app.pipelines.enbridge.runner:scrape_today:95 - scrapeToday - NN today=datetime.datetime(2026, 3, 21, 19, 25, 56, 722619)
2026-03-21 19:26:53.479 | INFO     | app.pipelines.enbridge.scraper:_scrape_nn_single_tracked:244 - AG - 3.90s ---------------
2026-03-21 19:26:53.504 | INFO     | app.pipelines.enbridge.scraper:_scrape_nn_single_tracked:244 - TE - 3.93s ---------------
2026-03-21 19:26:54.737 | INFO     | app.core.azure_tables:dump_Loc_configs:138 - Dumping LocConfigs from Azure Table Storage
2026-03-21 19:26:54.821 | INFO     | app.core.azure_tables:dump_Loc_configs:138 - Dumping LocConfigs from Azure Table Storage
2026-03-21 19:26:54.914 | INFO     | app.core.azure_tables:dump_Loc_configs:138 - Dumping LocConfigs from Azure Table Storage
2026-03-21 19:27:04.919 | INFO     | app.pipelines.enbridge.gold_munger:clean_directories:81 - Cleanup skipped (disabled for testing)
2026-03-21 19:27:04.919 | INFO     | app.pipelines.enbridge.runner:scrape_today:104 - *************** completed in 146.96s ***************
2026-03-21 19:27:04.921 | INFO     | app.reporter:generate_report:338 - Audit report written to /Users/saijagadeeshyadavalli/Coding/Particles/GasFundies/GFScrapePackage/reports/2026-03-21/audit_20260321_192704.html
2026-03-21 19:28:21.664 | INFO     | app.runner:scrape_today:54 - scrapeToday starting for 'enbridge'
2026-03-21 19:28:22.413 | INFO     | app.pipelines.enbridge.scraper:scrape_metadata:199 - metaDump completed in 0.70s
2026-03-21 19:28:22.414 | INFO     | app.pipelines.enbridge.runner:scrape_today:82 - scrapeToday - yesterday=datetime.datetime(2026, 3, 20, 19, 28, 22, 414479)
2026-03-21 19:28:37.182 | INFO     | app.pipelines.enbridge.scraper:scrape:87 - MNUS → long-way (configured)
2026-03-21 19:29:22.896 | INFO     | app.pipelines.enbridge.runner:scrape_today:89 - scrapeToday - today=datetime.datetime(2026, 3, 21, 19, 29, 22, 896856)
2026-03-21 19:29:34.949 | INFO     | app.pipelines.enbridge.scraper:scrape:87 - MNUS → long-way (configured)
2026-03-21 19:30:17.077 | INFO     | app.pipelines.enbridge.runner:scrape_today:95 - scrapeToday - NN today=datetime.datetime(2026, 3, 21, 19, 29, 22, 896856)
2026-03-21 19:30:21.421 | INFO     | app.pipelines.enbridge.scraper:_scrape_nn_single_tracked:244 - TE - 4.34s ---------------
2026-03-21 19:30:21.519 | INFO     | app.pipelines.enbridge.scraper:_scrape_nn_single_tracked:244 - AG - 4.44s ---------------
2026-03-21 19:30:45.787 | INFO     | app.pipelines.enbridge.gold_munger:clean_directories:81 - Cleanup skipped (disabled for testing)
2026-03-21 19:30:45.788 | INFO     | app.pipelines.enbridge.runner:scrape_today:104 - *************** completed in 144.12s ***************
2026-03-21 19:30:45.790 | INFO     | app.reporter:generate_report:338 - Audit report written to /Users/saijagadeeshyadavalli/Coding/Particles/GasFundies/GFScrapePackage/reports/2026-03-21/audit_20260321_193045.html
